[23:39:31] [main/INFO]: Loading Minecraft 1.21.1 with Fabric Loader 0.16.3
[23:39:31] [main/INFO]: Fabric is preparing JARs on first launch, this may take a few seconds...
[23:39:31] [main/INFO]: Loading 4 mods:
	- fabricloader 0.16.3
	   \-- mixinextras 0.4.1
	- java 21
	- minecraft 1.21.1
[23:39:31] [main/INFO]: SpongePowered MIXIN Subsystem Version=0.8.7 Source=file:/workspaces/Cobblemon/servidor_minecraft/libraries/net/fabricmc/sponge-mixin/0.15.2+mixin.0.8.7/sponge-mixin-0.15.2+mixin.0.8.7.jar Service=Knot/Fabric Env=SERVER
[23:39:37] [main/INFO]: Environment: Environment[sessionHost=https://sessionserver.mojang.com, servicesHost=https://api.minecraftservices.com, name=PROD]
[23:39:38] [main/INFO]: No existing world data, creating new world
[23:39:38] [main/INFO]: Loaded 1290 recipes
[23:39:39] [main/INFO]: Loaded 1399 advancements
[23:39:40] [Server thread/INFO]: Starting minecraft server version 1.21.1
[23:39:40] [Server thread/INFO]: Loading properties
[23:39:40] [Server thread/INFO]: Default game type: SURVIVAL
[23:39:40] [Server thread/INFO]: Generating keypair
[23:39:40] [Server thread/INFO]: Starting Minecraft server on *:25565
[23:39:40] [Server thread/INFO]: Using epoll channel type
[23:39:40] [Server thread/WARN]: **** SERVER IS RUNNING IN OFFLINE/INSECURE MODE!
[23:39:40] [Server thread/WARN]: The server will make no attempt to authenticate usernames. Beware.
[23:39:40] [Server thread/WARN]: While this makes the game possible to play without internet access, it also opens up the ability for hackers to connect with any username they choose.
[23:39:40] [Server thread/WARN]: To change this, set "online-mode" to "true" in the server.properties file.
[23:39:40] [Server thread/INFO]: Preparing level "world"
[23:39:46] [Server thread/INFO]: Preparing start region for dimension minecraft:overworld
[23:39:46] [Worker-Main-3/INFO]: Preparing spawn area: 2%
[23:39:47] [Worker-Main-2/INFO]: Preparing spawn area: 2%
[23:39:47] [Worker-Main-2/INFO]: Preparing spawn area: 2%
[23:39:47] [Worker-Main-2/INFO]: Preparing spawn area: 2%
[23:39:48] [Worker-Main-1/INFO]: Preparing spawn area: 18%
[23:39:48] [Worker-Main-2/INFO]: Preparing spawn area: 18%
[23:39:49] [Worker-Main-2/INFO]: Preparing spawn area: 26%
[23:39:49] [Worker-Main-2/INFO]: Preparing spawn area: 51%
[23:39:50] [Worker-Main-2/INFO]: Preparing spawn area: 51%
[23:39:51] [Server thread/INFO]: Time elapsed: 4622 ms
[23:39:51] [Server thread/INFO]: Done (10.321s)! For help, type "help"
[23:43:19] [Server thread/INFO]: Stopping the server
[23:43:19] [Server thread/INFO]: Stopping server
[23:43:19] [Server thread/INFO]: Saving players
[23:43:19] [Server thread/INFO]: Saving worlds
[23:43:20] [Server thread/INFO]: Saving chunks for level 'ServerLevel[world]'/minecraft:overworld
[23:43:21] [Server thread/INFO]: Saving chunks for level 'ServerLevel[world]'/minecraft:the_nether
[23:43:21] [Server thread/INFO]: Saving chunks for level 'ServerLevel[world]'/minecraft:the_end
[23:43:21] [Server thread/INFO]: ThreadedAnvilChunkStorage (world): All chunks are saved
[23:43:21] [Server thread/INFO]: ThreadedAnvilChunkStorage (DIM-1): All chunks are saved
[23:43:21] [Server thread/INFO]: ThreadedAnvilChunkStorage (DIM1): All chunks are saved
[23:43:21] [Server thread/INFO]: ThreadedAnvilChunkStorage: All dimensions are saved
